<?xml version="1.0" encoding="UTF-8"?>
<testng-results ignored="0" total="13" passed="12" failed="1" skipped="0">
  <reporter-output>
  </reporter-output>
  <suite started-at="2020-04-27T22:42:40 IST" name="Default suite" finished-at="2020-04-27T22:43:00 IST" duration-ms="20027">
    <groups>
    </groups>
    <test started-at="2020-04-27T22:42:40 IST" name="Default test" finished-at="2020-04-27T22:43:00 IST" duration-ms="20027">
      <class name="trackcoronaTests.HomeTest">
        <test-method is-config="true" signature="lunchBrowser()[pri:0, instance:trackcoronaTests.HomeTest@4278a03f]" started-at="2020-04-27T22:42:40 IST" name="lunchBrowser" finished-at="2020-04-27T22:42:54 IST" duration-ms="13780" status="PASS">
          <reporter-output>
          </reporter-output>
        </test-method> <!-- lunchBrowser -->
        <test-method signature="verifyAboutCoronaMenu()[pri:0, instance:trackcoronaTests.HomeTest@4278a03f]" started-at="2020-04-27T22:42:54 IST" name="verifyAboutCoronaMenu" finished-at="2020-04-27T22:42:54 IST" duration-ms="193" status="PASS">
          <reporter-output>
          </reporter-output>
        </test-method> <!-- verifyAboutCoronaMenu -->
        <test-method signature="verifyCaseAnalysisMenu()[pri:0, instance:trackcoronaTests.HomeTest@4278a03f]" started-at="2020-04-27T22:42:54 IST" name="verifyCaseAnalysisMenu" finished-at="2020-04-27T22:42:54 IST" duration-ms="54" status="PASS">
          <reporter-output>
          </reporter-output>
        </test-method> <!-- verifyCaseAnalysisMenu -->
        <test-method signature="verifyChartButton()[pri:0, instance:trackcoronaTests.HomeTest@4278a03f]" started-at="2020-04-27T22:42:54 IST" name="verifyChartButton" finished-at="2020-04-27T22:42:59 IST" duration-ms="5176" status="FAIL">
          <exception class="java.lang.AssertionError">
            <message>
              <![CDATA[India Data not present expected [false] but found [true]]]>
            </message>
            <full-stacktrace>
              <![CDATA[java.lang.AssertionError: India Data not present expected [false] but found [true]
at org.testng.Assert.fail(Assert.java:97)
at org.testng.Assert.assertEqualsImpl(Assert.java:136)
at org.testng.Assert.assertEquals(Assert.java:118)
at org.testng.Assert.assertEquals(Assert.java:751)
at trackcoronaTests.HomeTest.verifyChartButton(HomeTest.java:88)
at java.base/jdk.internal.reflect.NativeMethodAccessorImpl.invoke0(Native Method)
at java.base/jdk.internal.reflect.NativeMethodAccessorImpl.invoke(NativeMethodAccessorImpl.java:62)
at java.base/jdk.internal.reflect.DelegatingMethodAccessorImpl.invoke(DelegatingMethodAccessorImpl.java:43)
at java.base/java.lang.reflect.Method.invoke(Method.java:567)
at org.testng.internal.MethodInvocationHelper.invokeMethod(MethodInvocationHelper.java:134)
at org.testng.internal.TestInvoker.invokeMethod(TestInvoker.java:597)
at org.testng.internal.TestInvoker.invokeTestMethod(TestInvoker.java:173)
at org.testng.internal.MethodRunner.runInSequence(MethodRunner.java:46)
at org.testng.internal.TestInvoker$MethodInvocationAgent.invoke(TestInvoker.java:816)
at org.testng.internal.TestInvoker.invokeTestMethods(TestInvoker.java:146)
at org.testng.internal.TestMethodWorker.invokeTestMethods(TestMethodWorker.java:146)
at org.testng.internal.TestMethodWorker.run(TestMethodWorker.java:128)
at java.base/java.util.ArrayList.forEach(ArrayList.java:1507)
at org.testng.TestRunner.privateRun(TestRunner.java:766)
at org.testng.TestRunner.run(TestRunner.java:587)
at org.testng.SuiteRunner.runTest(SuiteRunner.java:384)
at org.testng.SuiteRunner.runSequentially(SuiteRunner.java:378)
at org.testng.SuiteRunner.privateRun(SuiteRunner.java:337)
at org.testng.SuiteRunner.run(SuiteRunner.java:286)
at org.testng.SuiteRunnerWorker.runSuite(SuiteRunnerWorker.java:53)
at org.testng.SuiteRunnerWorker.run(SuiteRunnerWorker.java:96)
at org.testng.TestNG.runSuitesSequentially(TestNG.java:1187)
at org.testng.TestNG.runSuitesLocally(TestNG.java:1109)
at org.testng.TestNG.runSuites(TestNG.java:1039)
at org.testng.TestNG.run(TestNG.java:1007)
at org.testng.remote.AbstractRemoteTestNG.run(AbstractRemoteTestNG.java:115)
at org.testng.remote.RemoteTestNG.initAndRun(RemoteTestNG.java:251)
at org.testng.remote.RemoteTestNG.main(RemoteTestNG.java:77)
]]>
            </full-stacktrace>
          </exception> <!-- java.lang.AssertionError -->
          <reporter-output>
          </reporter-output>
        </test-method> <!-- verifyChartButton -->
        <test-method signature="verifyContributorMenu()[pri:0, instance:trackcoronaTests.HomeTest@4278a03f]" started-at="2020-04-27T22:42:59 IST" name="verifyContributorMenu" finished-at="2020-04-27T22:42:59 IST" duration-ms="56" status="PASS">
          <reporter-output>
          </reporter-output>
        </test-method> <!-- verifyContributorMenu -->
        <test-method signature="verifyHomeMenu()[pri:0, instance:trackcoronaTests.HomeTest@4278a03f]" started-at="2020-04-27T22:42:59 IST" name="verifyHomeMenu" finished-at="2020-04-27T22:42:59 IST" duration-ms="56" status="PASS">
          <reporter-output>
          </reporter-output>
        </test-method> <!-- verifyHomeMenu -->
        <test-method signature="verifyIndiaMenu()[pri:0, instance:trackcoronaTests.HomeTest@4278a03f]" started-at="2020-04-27T22:42:59 IST" name="verifyIndiaMenu" finished-at="2020-04-27T22:42:59 IST" duration-ms="58" status="PASS">
          <reporter-output>
          </reporter-output>
        </test-method> <!-- verifyIndiaMenu -->
        <test-method signature="verifyIndiaTab()[pri:0, instance:trackcoronaTests.HomeTest@4278a03f]" started-at="2020-04-27T22:42:59 IST" name="verifyIndiaTab" finished-at="2020-04-27T22:42:59 IST" duration-ms="56" status="PASS">
          <reporter-output>
          </reporter-output>
        </test-method> <!-- verifyIndiaTab -->
        <test-method signature="verifyLiveMapMenu()[pri:0, instance:trackcoronaTests.HomeTest@4278a03f]" started-at="2020-04-27T22:42:59 IST" name="verifyLiveMapMenu" finished-at="2020-04-27T22:43:00 IST" duration-ms="76" status="PASS">
          <reporter-output>
          </reporter-output>
        </test-method> <!-- verifyLiveMapMenu -->
        <test-method signature="verifyLiveTableMenu()[pri:0, instance:trackcoronaTests.HomeTest@4278a03f]" started-at="2020-04-27T22:43:00 IST" name="verifyLiveTableMenu" finished-at="2020-04-27T22:43:00 IST" duration-ms="61" status="PASS">
          <reporter-output>
          </reporter-output>
        </test-method> <!-- verifyLiveTableMenu -->
        <test-method signature="verifyLogo()[pri:0, instance:trackcoronaTests.HomeTest@4278a03f]" started-at="2020-04-27T22:43:00 IST" name="verifyLogo" finished-at="2020-04-27T22:43:00 IST" duration-ms="55" status="PASS">
          <reporter-output>
          </reporter-output>
        </test-method> <!-- verifyLogo -->
        <test-method signature="verifyMenu()[pri:0, instance:trackcoronaTests.HomeTest@4278a03f]" started-at="2020-04-27T22:43:00 IST" name="verifyMenu" finished-at="2020-04-27T22:43:00 IST" duration-ms="56" status="PASS">
          <reporter-output>
          </reporter-output>
        </test-method> <!-- verifyMenu -->
        <test-method signature="verifyPredictionMenu()[pri:0, instance:trackcoronaTests.HomeTest@4278a03f]" started-at="2020-04-27T22:43:00 IST" name="verifyPredictionMenu" finished-at="2020-04-27T22:43:00 IST" duration-ms="57" status="PASS">
          <reporter-output>
          </reporter-output>
        </test-method> <!-- verifyPredictionMenu -->
        <test-method signature="verifyWorldTab()[pri:0, instance:trackcoronaTests.HomeTest@4278a03f]" started-at="2020-04-27T22:43:00 IST" name="verifyWorldTab" finished-at="2020-04-27T22:43:00 IST" duration-ms="46" status="PASS">
          <reporter-output>
          </reporter-output>
        </test-method> <!-- verifyWorldTab -->
        <test-method is-config="true" signature="close()[pri:0, instance:trackcoronaTests.HomeTest@4278a03f]" started-at="2020-04-27T22:43:00 IST" name="close" finished-at="2020-04-27T22:43:00 IST" duration-ms="119" status="PASS">
          <reporter-output>
          </reporter-output>
        </test-method> <!-- close -->
      </class> <!-- trackcoronaTests.HomeTest -->
    </test> <!-- Default test -->
  </suite> <!-- Default suite -->
</testng-results>
