<?xml version="1.0" encoding="UTF-8"?>
<!-- Generated by org.testng.reporters.JUnitXMLReporter -->
<testsuite ignored="0" hostname="LAPTOP-FUTVJV79" failures="1" tests="1" name="Test" time="0.114" errors="0" timestamp="2020-04-16T17:59:46 IST">
  <testcase classname="trackcoronaTests.HomeTest" name="verifyLogo" time="0.051">
    <failure type="java.lang.NullPointerException">
      <![CDATA[java.lang.NullPointerException
at org.openqa.selenium.support.pagefactory.DefaultElementLocator.findElement(DefaultElementLocator.java:69)
at org.openqa.selenium.support.pagefactory.internal.LocatingElementHandler.invoke(LocatingElementHandler.java:38)
at com.sun.proxy.$Proxy10.isDisplayed(Unknown Source)
at trackcoronaTests.HomeTest.verifyLogo(HomeTest.java:17)
at java.base/java.util.ArrayList.forEach(ArrayList.java:1507)
... Removed 27 stack frames]]>
    </failure>
  </testcase> <!-- verifyLogo -->
</testsuite> <!-- Test -->
